!SESSION 2023-08-22 14:53:24.545 -----------------------------------------------
eclipse.buildId=4.28.0.20230608-1200
java.version=19.0.2
java.vendor=Eclipse Adoptium
BootLoader constants: OS=win32, ARCH=x86_64, WS=win32, NL=en_IN
Framework arguments:  -product org.eclipse.epp.package.java.product -product org.eclipse.epp.package.java.product
Command-line arguments:  -os win32 -ws win32 -arch x86_64 -product org.eclipse.epp.package.java.product -data D:\Project Codes\MAJOR-PROJECT\CODE\EMS_springboot\EMS_springboot -product org.eclipse.epp.package.java.product

!ENTRY org.eclipse.emf.ecore 2 0 2023-08-22 14:53:43.467
!MESSAGE Both 'org.eclipse.jst.j2ee.core' and 'org.eclipse.jst.j2ee.core' register a package for 'application.xmi'

!ENTRY ch.qos.logback.classic 1 0 2023-08-22 14:53:45.064
!MESSAGE Activated before the state location was initialized. Retry after the state location is initialized.

!ENTRY ch.qos.logback.classic 1 0 2023-08-22 14:53:56.835
!MESSAGE Logback config file: D:\Project Codes\MAJOR-PROJECT\CODE\EMS_springboot\EMS_springboot\.metadata\.plugins\org.eclipse.m2e.logback\logback.2.1.200.20230523-2106.xml
!SESSION 2024-08-07 13:35:08.758 -----------------------------------------------
eclipse.buildId=4.24.0.202407191504
java.version=21.0.3
java.vendor=Eclipse Adoptium
BootLoader constants: OS=win32, ARCH=x86_64, WS=win32, NL=en_IN
Framework arguments:  -product org.springframework.boot.ide.branding.sts4
Command-line arguments:  -os win32 -ws win32 -arch x86_64 -product org.springframework.boot.ide.branding.sts4

!ENTRY ch.qos.logback.classic 1 0 2024-08-07 13:35:12.882
!MESSAGE Activated before the state location was initialized. Retry after the state location is initialized.

!ENTRY ch.qos.logback.classic 1 0 2024-08-07 13:37:05.108
!MESSAGE Logback config file: C:\Users\rajes\OneDrive\Desktop\EVENT-MANAGEMENT\Event-Management-System\CODE\EMS_springboot\EMS_springboot\.metadata\.plugins\org.eclipse.m2e.logback\logback.2.6.1.20240411-1122.xml

!ENTRY org.eclipse.ui 2 0 2024-08-07 13:37:06.095
!MESSAGE Warnings while parsing the commands from the 'org.eclipse.ui.commands' and 'org.eclipse.ui.actionDefinitions' extension points.
!SUBENTRY 1 org.eclipse.ui 2 0 2024-08-07 13:37:06.095
!MESSAGE Commands should really have a category: plug-in='org.springframework.tooling.boot.ls', id='spring.initializr.addStarters', categoryId='org.eclipse.lsp4e.commandCategory'

!ENTRY org.eclipse.ui 2 0 2024-08-07 13:37:06.880
!MESSAGE Warnings while parsing the commands from the 'org.eclipse.ui.commands' and 'org.eclipse.ui.actionDefinitions' extension points.
!SUBENTRY 1 org.eclipse.ui 2 0 2024-08-07 13:37:06.880
!MESSAGE Commands should really have a category: plug-in='org.springframework.tooling.boot.ls', id='spring.initializr.addStarters', categoryId='org.eclipse.lsp4e.commandCategory'

!ENTRY org.eclipse.egit.ui 2 0 2024-08-07 13:37:15.471
!MESSAGE Warning: The environment variable HOME is not set. The following directory will be used to store the Git
user global configuration and to define the default location to store repositories: 'C:\Users\rajes'. If this is
not correct please set the HOME environment variable and restart Eclipse. Otherwise Git for Windows and
EGit might behave differently since they see different configuration options.
This warning can be switched off on the Team > Git > Confirmations and Warnings preference page.
